2020-03-31 12:27:09,497 [myid:] - INFO  [main:QuorumPeerConfig@173] - Reading configuration from: /Users/baidu/Workspace/zookeeper/apache-zookeeper-3.6.0-bin/bin/../conf/zoo.cfg
2020-03-31 12:27:09,550 [myid:] - INFO  [main:QuorumPeerConfig@459] - clientPortAddress is 0.0.0.0:2181
2020-03-31 12:27:09,550 [myid:] - INFO  [main:QuorumPeerConfig@463] - secureClientPort is not set
2020-03-31 12:27:09,550 [myid:] - INFO  [main:QuorumPeerConfig@479] - observerMasterPort is not set
2020-03-31 12:27:09,551 [myid:] - INFO  [main:QuorumPeerConfig@496] - metricsProvider.className is org.apache.zookeeper.metrics.impl.DefaultMetricsProvider
2020-03-31 12:27:09,555 [myid:] - INFO  [main:DatadirCleanupManager@78] - autopurge.snapRetainCount set to 3
2020-03-31 12:27:09,555 [myid:] - INFO  [main:DatadirCleanupManager@79] - autopurge.purgeInterval set to 0
2020-03-31 12:27:09,555 [myid:] - INFO  [main:DatadirCleanupManager@101] - Purge task is not scheduled.
2020-03-31 12:27:09,555 [myid:] - WARN  [main:QuorumPeerMain@138] - Either no config or no quorum defined in config, running in standalone mode
2020-03-31 12:27:09,557 [myid:] - INFO  [main:ManagedUtil@45] - Log4j found with jmx enabled.
2020-03-31 12:27:09,573 [myid:] - INFO  [main:QuorumPeerConfig@173] - Reading configuration from: /Users/baidu/Workspace/zookeeper/apache-zookeeper-3.6.0-bin/bin/../conf/zoo.cfg
2020-03-31 12:27:09,573 [myid:] - INFO  [main:QuorumPeerConfig@459] - clientPortAddress is 0.0.0.0:2181
2020-03-31 12:27:09,574 [myid:] - INFO  [main:QuorumPeerConfig@463] - secureClientPort is not set
2020-03-31 12:27:09,574 [myid:] - INFO  [main:QuorumPeerConfig@479] - observerMasterPort is not set
2020-03-31 12:27:09,574 [myid:] - INFO  [main:QuorumPeerConfig@496] - metricsProvider.className is org.apache.zookeeper.metrics.impl.DefaultMetricsProvider
2020-03-31 12:27:09,574 [myid:] - INFO  [main:ZooKeeperServerMain@122] - Starting server
2020-03-31 12:27:09,594 [myid:] - INFO  [main:ServerMetrics@62] - ServerMetrics initialized with provider org.apache.zookeeper.metrics.impl.DefaultMetricsProvider@56cbfb61
2020-03-31 12:27:09,600 [myid:] - INFO  [main:FileTxnSnapLog@124] - zookeeper.snapshot.trust.empty : false
2020-03-31 12:27:09,615 [myid:] - INFO  [main:ZookeeperBanner@42] - 
2020-03-31 12:27:09,616 [myid:] - INFO  [main:ZookeeperBanner@42] -   ______                  _                                          
2020-03-31 12:27:09,616 [myid:] - INFO  [main:ZookeeperBanner@42] -  |___  /                 | |                                         
2020-03-31 12:27:09,616 [myid:] - INFO  [main:ZookeeperBanner@42] -     / /    ___     ___   | | __   ___    ___   _ __     ___   _ __   
2020-03-31 12:27:09,616 [myid:] - INFO  [main:ZookeeperBanner@42] -    / /    / _ \   / _ \  | |/ /  / _ \  / _ \ | '_ \   / _ \ | '__|
2020-03-31 12:27:09,616 [myid:] - INFO  [main:ZookeeperBanner@42] -   / /__  | (_) | | (_) | |   <  |  __/ |  __/ | |_) | |  __/ | |    
2020-03-31 12:27:09,616 [myid:] - INFO  [main:ZookeeperBanner@42] -  /_____|  \___/   \___/  |_|\_\  \___|  \___| | .__/   \___| |_|
2020-03-31 12:27:09,616 [myid:] - INFO  [main:ZookeeperBanner@42] -                                               | |                     
2020-03-31 12:27:09,616 [myid:] - INFO  [main:ZookeeperBanner@42] -                                               |_|                     
2020-03-31 12:27:09,616 [myid:] - INFO  [main:ZookeeperBanner@42] - 
2020-03-31 12:27:09,619 [myid:] - INFO  [main:Environment@98] - Server environment:zookeeper.version=3.6.0--b4c89dc7f6083829e18fae6e446907ae0b1f22d7, built on 02/25/2020 14:38 GMT
2020-03-31 12:27:09,620 [myid:] - INFO  [main:Environment@98] - Server environment:host.name=localhost
2020-03-31 12:27:09,620 [myid:] - INFO  [main:Environment@98] - Server environment:java.version=1.8.0_191
2020-03-31 12:27:09,620 [myid:] - INFO  [main:Environment@98] - Server environment:java.vendor=Oracle Corporation
2020-03-31 12:27:09,620 [myid:] - INFO  [main:Environment@98] - Server environment:java.home=/Library/Java/JavaVirtualMachines/jdk1.8.0_191.jdk/Contents/Home/jre
2020-03-31 12:27:09,620 [myid:] - INFO  [main:Environment@98] - Server environment:java.class.path=/Users/baidu/Workspace/zookeeper/apache-zookeeper-3.6.0-bin/bin/../zookeeper-server/target/classes:/Users/baidu/Workspace/zookeeper/apache-zookeeper-3.6.0-bin/bin/../build/classes:/Users/baidu/Workspace/zookeeper/apache-zookeeper-3.6.0-bin/bin/../zookeeper-server/target/lib/*.jar:/Users/baidu/Workspace/zookeeper/apache-zookeeper-3.6.0-bin/bin/../build/lib/*.jar:/Users/baidu/Workspace/zookeeper/apache-zookeeper-3.6.0-bin/bin/../lib/zookeeper-prometheus-metrics-3.6.0.jar:/Users/baidu/Workspace/zookeeper/apache-zookeeper-3.6.0-bin/bin/../lib/zookeeper-jute-3.6.0.jar:/Users/baidu/Workspace/zookeeper/apache-zookeeper-3.6.0-bin/bin/../lib/zookeeper-3.6.0.jar:/Users/baidu/Workspace/zookeeper/apache-zookeeper-3.6.0-bin/bin/../lib/snappy-java-1.1.7.jar:/Users/baidu/Workspace/zookeeper/apache-zookeeper-3.6.0-bin/bin/../lib/slf4j-log4j12-1.7.25.jar:/Users/baidu/Workspace/zookeeper/apache-zookeeper-3.6.0-bin/bin/../lib/slf4j-api-1.7.25.jar:/Users/baidu/Workspace/zookeeper/apache-zookeeper-3.6.0-bin/bin/../lib/simpleclient_servlet-0.6.0.jar:/Users/baidu/Workspace/zookeeper/apache-zookeeper-3.6.0-bin/bin/../lib/simpleclient_hotspot-0.6.0.jar:/Users/baidu/Workspace/zookeeper/apache-zookeeper-3.6.0-bin/bin/../lib/simpleclient_common-0.6.0.jar:/Users/baidu/Workspace/zookeeper/apache-zookeeper-3.6.0-bin/bin/../lib/simpleclient-0.6.0.jar:/Users/baidu/Workspace/zookeeper/apache-zookeeper-3.6.0-bin/bin/../lib/netty-transport-native-unix-common-4.1.45.Final.jar:/Users/baidu/Workspace/zookeeper/apache-zookeeper-3.6.0-bin/bin/../lib/netty-transport-native-epoll-4.1.45.Final.jar:/Users/baidu/Workspace/zookeeper/apache-zookeeper-3.6.0-bin/bin/../lib/netty-transport-4.1.45.Final.jar:/Users/baidu/Workspace/zookeeper/apache-zookeeper-3.6.0-bin/bin/../lib/netty-resolver-4.1.45.Final.jar:/Users/baidu/Workspace/zookeeper/apache-zookeeper-3.6.0-bin/bin/../lib/netty-handler-4.1.45.Final.jar:/Users/baidu/Workspace/zookeeper/apache-zookeeper-3.6.0-bin/bin/../lib/netty-common-4.1.45.Final.jar:/Users/baidu/Workspace/zookeeper/apache-zookeeper-3.6.0-bin/bin/../lib/netty-codec-4.1.45.Final.jar:/Users/baidu/Workspace/zookeeper/apache-zookeeper-3.6.0-bin/bin/../lib/netty-buffer-4.1.45.Final.jar:/Users/baidu/Workspace/zookeeper/apache-zookeeper-3.6.0-bin/bin/../lib/metrics-core-3.2.5.jar:/Users/baidu/Workspace/zookeeper/apache-zookeeper-3.6.0-bin/bin/../lib/log4j-1.2.17.jar:/Users/baidu/Workspace/zookeeper/apache-zookeeper-3.6.0-bin/bin/../lib/json-simple-1.1.1.jar:/Users/baidu/Workspace/zookeeper/apache-zookeeper-3.6.0-bin/bin/../lib/jline-2.11.jar:/Users/baidu/Workspace/zookeeper/apache-zookeeper-3.6.0-bin/bin/../lib/jetty-util-9.4.24.v20191120.jar:/Users/baidu/Workspace/zookeeper/apache-zookeeper-3.6.0-bin/bin/../lib/jetty-servlet-9.4.24.v20191120.jar:/Users/baidu/Workspace/zookeeper/apache-zookeeper-3.6.0-bin/bin/../lib/jetty-server-9.4.24.v20191120.jar:/Users/baidu/Workspace/zookeeper/apache-zookeeper-3.6.0-bin/bin/../lib/jetty-security-9.4.24.v20191120.jar:/Users/baidu/Workspace/zookeeper/apache-zookeeper-3.6.0-bin/bin/../lib/jetty-io-9.4.24.v20191120.jar:/Users/baidu/Workspace/zookeeper/apache-zookeeper-3.6.0-bin/bin/../lib/jetty-http-9.4.24.v20191120.jar:/Users/baidu/Workspace/zookeeper/apache-zookeeper-3.6.0-bin/bin/../lib/javax.servlet-api-3.1.0.jar:/Users/baidu/Workspace/zookeeper/apache-zookeeper-3.6.0-bin/bin/../lib/jackson-databind-2.9.10.3.jar:/Users/baidu/Workspace/zookeeper/apache-zookeeper-3.6.0-bin/bin/../lib/jackson-core-2.9.10.jar:/Users/baidu/Workspace/zookeeper/apache-zookeeper-3.6.0-bin/bin/../lib/jackson-annotations-2.9.10.jar:/Users/baidu/Workspace/zookeeper/apache-zookeeper-3.6.0-bin/bin/../lib/commons-lang-2.6.jar:/Users/baidu/Workspace/zookeeper/apache-zookeeper-3.6.0-bin/bin/../lib/commons-cli-1.2.jar:/Users/baidu/Workspace/zookeeper/apache-zookeeper-3.6.0-bin/bin/../lib/audience-annotations-0.5.0.jar:/Users/baidu/Workspace/zookeeper/apache-zookeeper-3.6.0-bin/bin/../zookeeper-*.jar:/Users/baidu/Workspace/zookeeper/apache-zookeeper-3.6.0-bin/bin/../zookeeper-server/src/main/resources/lib/*.jar:/Users/baidu/Workspace/zookeeper/apache-zookeeper-3.6.0-bin/bin/../conf:
2020-03-31 12:27:09,620 [myid:] - INFO  [main:Environment@98] - Server environment:java.library.path=/Users/baidu/Library/Java/Extensions:/Library/Java/Extensions:/Network/Library/Java/Extensions:/System/Library/Java/Extensions:/usr/lib/java:.
2020-03-31 12:27:09,620 [myid:] - INFO  [main:Environment@98] - Server environment:java.io.tmpdir=/var/folders/65/m1blnhmd10bd2z9m5f0lk8nc0000gn/T/
2020-03-31 12:27:09,620 [myid:] - INFO  [main:Environment@98] - Server environment:java.compiler=<NA>
2020-03-31 12:27:09,620 [myid:] - INFO  [main:Environment@98] - Server environment:os.name=Mac OS X
2020-03-31 12:27:09,620 [myid:] - INFO  [main:Environment@98] - Server environment:os.arch=x86_64
2020-03-31 12:27:09,620 [myid:] - INFO  [main:Environment@98] - Server environment:os.version=10.14.2
2020-03-31 12:27:09,620 [myid:] - INFO  [main:Environment@98] - Server environment:user.name=baidu
2020-03-31 12:27:09,621 [myid:] - INFO  [main:Environment@98] - Server environment:user.home=/Users/baidu
2020-03-31 12:27:09,621 [myid:] - INFO  [main:Environment@98] - Server environment:user.dir=/Users/baidu/Workspace/zookeeper/apache-zookeeper-3.6.0-bin
2020-03-31 12:27:09,621 [myid:] - INFO  [main:Environment@98] - Server environment:os.memory.free=109MB
2020-03-31 12:27:09,621 [myid:] - INFO  [main:Environment@98] - Server environment:os.memory.max=889MB
2020-03-31 12:27:09,621 [myid:] - INFO  [main:Environment@98] - Server environment:os.memory.total=123MB
2020-03-31 12:27:09,621 [myid:] - INFO  [main:ZooKeeperServer@128] - zookeeper.enableEagerACLCheck = false
2020-03-31 12:27:09,621 [myid:] - INFO  [main:ZooKeeperServer@136] - zookeeper.digest.enabled = true
2020-03-31 12:27:09,621 [myid:] - INFO  [main:ZooKeeperServer@140] - zookeeper.closeSessionTxn.enabled = true
2020-03-31 12:27:09,621 [myid:] - INFO  [main:ZooKeeperServer@1433] - zookeeper.flushDelay=0
2020-03-31 12:27:09,621 [myid:] - INFO  [main:ZooKeeperServer@1442] - zookeeper.maxWriteQueuePollTime=0
2020-03-31 12:27:09,621 [myid:] - INFO  [main:ZooKeeperServer@1451] - zookeeper.maxBatchSize=1000
2020-03-31 12:27:09,621 [myid:] - INFO  [main:ZooKeeperServer@241] - zookeeper.intBufferStartingSizeBytes = 1024
2020-03-31 12:27:09,623 [myid:] - INFO  [main:BlueThrottle@141] - Weighed connection throttling is disabled
2020-03-31 12:27:09,625 [myid:] - INFO  [main:ZooKeeperServer@1246] - minSessionTimeout set to 4000
2020-03-31 12:27:09,625 [myid:] - INFO  [main:ZooKeeperServer@1255] - maxSessionTimeout set to 40000
2020-03-31 12:27:09,627 [myid:] - INFO  [main:ResponseCache@45] - Response cache size is initialized with value 400.
2020-03-31 12:27:09,627 [myid:] - INFO  [main:ResponseCache@45] - Response cache size is initialized with value 400.
2020-03-31 12:27:09,628 [myid:] - INFO  [main:RequestPathMetricsCollector@111] - zookeeper.pathStats.slotCapacity = 60
2020-03-31 12:27:09,628 [myid:] - INFO  [main:RequestPathMetricsCollector@112] - zookeeper.pathStats.slotDuration = 15
2020-03-31 12:27:09,628 [myid:] - INFO  [main:RequestPathMetricsCollector@113] - zookeeper.pathStats.maxDepth = 6
2020-03-31 12:27:09,628 [myid:] - INFO  [main:RequestPathMetricsCollector@114] - zookeeper.pathStats.initialDelay = 5
2020-03-31 12:27:09,628 [myid:] - INFO  [main:RequestPathMetricsCollector@115] - zookeeper.pathStats.delay = 5
2020-03-31 12:27:09,628 [myid:] - INFO  [main:RequestPathMetricsCollector@116] - zookeeper.pathStats.enabled = false
2020-03-31 12:27:09,633 [myid:] - INFO  [main:ZooKeeperServer@1470] - The max bytes for all large requests are set to 104857600
2020-03-31 12:27:09,634 [myid:] - INFO  [main:ZooKeeperServer@1484] - The large request threshold is set to -1
2020-03-31 12:27:09,634 [myid:] - INFO  [main:ZooKeeperServer@329] - Created server with tickTime 2000 minSessionTimeout 4000 maxSessionTimeout 40000 clientPortListenBacklog -1 datadir /tmp/zookeeper/logs/version-2 snapdir /tmp/zookeeper/version-2
2020-03-31 12:27:09,673 [myid:] - INFO  [main:Log@169] - Logging initialized @789ms to org.eclipse.jetty.util.log.Slf4jLog
2020-03-31 12:27:09,825 [myid:] - WARN  [main:ContextHandler@1520] - o.e.j.s.ServletContextHandler@167fdd33{/,null,UNAVAILABLE} contextPath ends with /*
2020-03-31 12:27:09,826 [myid:] - WARN  [main:ContextHandler@1531] - Empty contextPath
2020-03-31 12:27:09,839 [myid:] - INFO  [main:Server@359] - jetty-9.4.24.v20191120; built: 2019-11-20T21:37:49.771Z; git: 363d5f2df3a8a28de40604320230664b9c793c16; jvm 1.8.0_191-b12
2020-03-31 12:27:09,882 [myid:] - INFO  [main:DefaultSessionIdManager@333] - DefaultSessionIdManager workerName=node0
2020-03-31 12:27:09,882 [myid:] - INFO  [main:DefaultSessionIdManager@338] - No SessionScavenger set, using defaults
2020-03-31 12:27:09,883 [myid:] - INFO  [main:HouseKeeper@140] - node0 Scavenging every 660000ms
2020-03-31 12:27:09,894 [myid:] - INFO  [main:ContextHandler@825] - Started o.e.j.s.ServletContextHandler@167fdd33{/,null,AVAILABLE}
2020-03-31 12:27:09,936 [myid:] - INFO  [main:AbstractConnector@330] - Started ServerConnector@617faa95{HTTP/1.1,[http/1.1]}{0.0.0.0:8080}
2020-03-31 12:27:09,936 [myid:] - INFO  [main:Server@399] - Started @1052ms
2020-03-31 12:27:09,936 [myid:] - INFO  [main:JettyAdminServer@178] - Started AdminServer on address 0.0.0.0, port 8080 and command URL /commands
2020-03-31 12:27:09,947 [myid:] - INFO  [main:ServerCnxnFactory@169] - Using org.apache.zookeeper.server.NIOServerCnxnFactory as server connection factory
2020-03-31 12:27:09,950 [myid:] - WARN  [main:ServerCnxnFactory@309] - maxCnxns is not configured, using default value 0.
2020-03-31 12:27:09,952 [myid:] - INFO  [main:NIOServerCnxnFactory@666] - Configuring NIO connection handler with 10s sessionless connection timeout, 1 selector thread(s), 8 worker threads, and 64 kB direct buffers.
2020-03-31 12:27:09,954 [myid:] - INFO  [main:NIOServerCnxnFactory@674] - binding to port 0.0.0.0/0.0.0.0:2181
2020-03-31 12:27:09,980 [myid:] - INFO  [main:WatchManagerFactory@42] - Using org.apache.zookeeper.server.watch.WatchManager as watch manager
2020-03-31 12:27:09,981 [myid:] - INFO  [main:WatchManagerFactory@42] - Using org.apache.zookeeper.server.watch.WatchManager as watch manager
2020-03-31 12:27:09,983 [myid:] - INFO  [main:ZKDatabase@132] - zookeeper.snapshotSizeFactor = 0.33
2020-03-31 12:27:09,983 [myid:] - INFO  [main:ZKDatabase@152] - zookeeper.commitLogCount=500
2020-03-31 12:27:09,989 [myid:] - INFO  [main:SnapStream@61] - zookeeper.snapshot.compression.method = CHECKED
2020-03-31 12:27:09,992 [myid:] - INFO  [main:FileSnap@85] - Reading snapshot /tmp/zookeeper/version-2/snapshot.4
2020-03-31 12:27:09,996 [myid:] - INFO  [main:DataTree@1730] - The digest in the snapshot has digest version of 2, , with zxid as 0x4, and digest value as 1371985504
2020-03-31 12:27:10,005 [myid:] - INFO  [main:ZKDatabase@289] - Snapshot loaded in 22 ms, highest zxid is 0x4, digest is 1371985504
2020-03-31 12:27:10,006 [myid:] - INFO  [main:FileTxnSnapLog@470] - Snapshotting: 0x4 to /tmp/zookeeper/version-2/snapshot.4
2020-03-31 12:27:10,010 [myid:] - INFO  [main:ZooKeeperServer@519] - Snapshot taken in 4 ms
2020-03-31 12:27:10,025 [myid:] - INFO  [main:RequestThrottler@74] - zookeeper.request_throttler.shutdownTimeout = 10000
2020-03-31 12:27:10,041 [myid:] - INFO  [main:ContainerManager@83] - Using checkIntervalMs=60000 maxPerMinute=10000 maxNeverUsedIntervalMs=0
2020-03-31 12:27:10,041 [myid:] - INFO  [main:ZKAuditProvider@42] - ZooKeeper audit is disabled.
2020-03-31 12:27:44,962 [myid:] - INFO  [SyncThread:0:FileTxnLog@284] - Creating new log file: log.5
2020-03-31 12:29:56,421 [myid:] - WARN  [NIOWorkerThread-3:NIOServerCnxn@364] - Unexpected exception
EndOfStreamException: Unable to read additional data from client, it probably closed the socket: address = /127.0.0.1:55406, session = 0x1005af88e440000
	at org.apache.zookeeper.server.NIOServerCnxn.handleFailedRead(NIOServerCnxn.java:163)
	at org.apache.zookeeper.server.NIOServerCnxn.doIO(NIOServerCnxn.java:326)
	at org.apache.zookeeper.server.NIOServerCnxnFactory$IOWorkRequest.doWork(NIOServerCnxnFactory.java:522)
	at org.apache.zookeeper.server.WorkerService$ScheduledWorkRequest.run(WorkerService.java:154)
	at java.util.concurrent.ThreadPoolExecutor.runWorker(ThreadPoolExecutor.java:1149)
	at java.util.concurrent.ThreadPoolExecutor$Worker.run(ThreadPoolExecutor.java:624)
	at java.lang.Thread.run(Thread.java:748)
2020-03-31 12:30:23,229 [myid:] - INFO  [SessionTracker:ZooKeeperServer@600] - Expiring session 0x1005af88e440000, timeout of 30000ms exceeded
2020-03-31 13:17:46,246 [myid:] - WARN  [NIOWorkerThread-4:NIOServerCnxn@364] - Unexpected exception
EndOfStreamException: Unable to read additional data from client, it probably closed the socket: address = /127.0.0.1:65391, session = 0x0
	at org.apache.zookeeper.server.NIOServerCnxn.handleFailedRead(NIOServerCnxn.java:163)
	at org.apache.zookeeper.server.NIOServerCnxn.doIO(NIOServerCnxn.java:326)
	at org.apache.zookeeper.server.NIOServerCnxnFactory$IOWorkRequest.doWork(NIOServerCnxnFactory.java:522)
	at org.apache.zookeeper.server.WorkerService$ScheduledWorkRequest.run(WorkerService.java:154)
	at java.util.concurrent.ThreadPoolExecutor.runWorker(ThreadPoolExecutor.java:1149)
	at java.util.concurrent.ThreadPoolExecutor$Worker.run(ThreadPoolExecutor.java:624)
	at java.lang.Thread.run(Thread.java:748)
2020-03-31 13:17:58,422 [myid:] - WARN  [NIOWorkerThread-5:NIOServerCnxn@364] - Unexpected exception
EndOfStreamException: Unable to read additional data from client, it probably closed the socket: address = /127.0.0.1:65504, session = 0x0
	at org.apache.zookeeper.server.NIOServerCnxn.handleFailedRead(NIOServerCnxn.java:163)
	at org.apache.zookeeper.server.NIOServerCnxn.doIO(NIOServerCnxn.java:326)
	at org.apache.zookeeper.server.NIOServerCnxnFactory$IOWorkRequest.doWork(NIOServerCnxnFactory.java:522)
	at org.apache.zookeeper.server.WorkerService$ScheduledWorkRequest.run(WorkerService.java:154)
	at java.util.concurrent.ThreadPoolExecutor.runWorker(ThreadPoolExecutor.java:1149)
	at java.util.concurrent.ThreadPoolExecutor$Worker.run(ThreadPoolExecutor.java:624)
	at java.lang.Thread.run(Thread.java:748)
2020-03-31 13:45:59,797 [myid:] - INFO  [qtp2140832232-16:TypeUtil@201] - JVM Runtime does not support Modules
2020-03-31 14:07:49,059 [myid:] - WARN  [NIOWorkerThread-6:NIOServerCnxn@364] - Unexpected exception
EndOfStreamException: Unable to read additional data from client, it probably closed the socket: address = /127.0.0.1:65129, session = 0x1005af88e440007
	at org.apache.zookeeper.server.NIOServerCnxn.handleFailedRead(NIOServerCnxn.java:163)
	at org.apache.zookeeper.server.NIOServerCnxn.doIO(NIOServerCnxn.java:326)
	at org.apache.zookeeper.server.NIOServerCnxnFactory$IOWorkRequest.doWork(NIOServerCnxnFactory.java:522)
	at org.apache.zookeeper.server.WorkerService$ScheduledWorkRequest.run(WorkerService.java:154)
	at java.util.concurrent.ThreadPoolExecutor.runWorker(ThreadPoolExecutor.java:1149)
	at java.util.concurrent.ThreadPoolExecutor$Worker.run(ThreadPoolExecutor.java:624)
	at java.lang.Thread.run(Thread.java:748)
2020-03-31 14:08:11,293 [myid:] - INFO  [SessionTracker:ZooKeeperServer@600] - Expiring session 0x1005af88e440007, timeout of 30000ms exceeded
