31-Mar-2020 13:45:40.585 信息 [main] org.apache.catalina.startup.VersionLoggerListener.log Server.服务器版本:     Apache Tomcat/9.0.33
31-Mar-2020 13:45:40.590 信息 [main] org.apache.catalina.startup.VersionLoggerListener.log 服务器构建:            Mar 11 2020 09:31:38 UTC
31-Mar-2020 13:45:40.590 信息 [main] org.apache.catalina.startup.VersionLoggerListener.log 服务器版本号(：9.0.33.0
31-Mar-2020 13:45:40.590 信息 [main] org.apache.catalina.startup.VersionLoggerListener.log OS Name:               Mac OS X
31-Mar-2020 13:45:40.590 信息 [main] org.apache.catalina.startup.VersionLoggerListener.log OS.版本:               10.14.2
31-Mar-2020 13:45:40.590 信息 [main] org.apache.catalina.startup.VersionLoggerListener.log 架构:                  x86_64
31-Mar-2020 13:45:40.590 信息 [main] org.apache.catalina.startup.VersionLoggerListener.log Java 环境变量:         /Library/Java/JavaVirtualMachines/jdk1.8.0_191.jdk/Contents/Home/jre
31-Mar-2020 13:45:40.590 信息 [main] org.apache.catalina.startup.VersionLoggerListener.log JVM 版本:              1.8.0_191-b12
31-Mar-2020 13:45:40.590 信息 [main] org.apache.catalina.startup.VersionLoggerListener.log JVM.供应商:            Oracle Corporation
31-Mar-2020 13:45:40.591 信息 [main] org.apache.catalina.startup.VersionLoggerListener.log CATALINA_BASE:         /Users/baidu/Workspace/tomcat/apache-tomcat-9.0.33
31-Mar-2020 13:45:40.591 信息 [main] org.apache.catalina.startup.VersionLoggerListener.log CATALINA_HOME:         /Users/baidu/Workspace/tomcat/apache-tomcat-9.0.33
31-Mar-2020 13:45:40.596 信息 [main] org.apache.catalina.startup.VersionLoggerListener.log Command line argument: -Djava.util.logging.config.file=/Users/baidu/Workspace/tomcat/apache-tomcat-9.0.33/conf/logging.properties
31-Mar-2020 13:45:40.596 信息 [main] org.apache.catalina.startup.VersionLoggerListener.log Command line argument: -Djava.util.logging.manager=org.apache.juli.ClassLoaderLogManager
31-Mar-2020 13:45:40.597 信息 [main] org.apache.catalina.startup.VersionLoggerListener.log Command line argument: -Djdk.tls.ephemeralDHKeySize=2048
31-Mar-2020 13:45:40.597 信息 [main] org.apache.catalina.startup.VersionLoggerListener.log Command line argument: -Djava.protocol.handler.pkgs=org.apache.catalina.webresources
31-Mar-2020 13:45:40.597 信息 [main] org.apache.catalina.startup.VersionLoggerListener.log Command line argument: -Dorg.apache.catalina.security.SecurityListener.UMASK=0027
31-Mar-2020 13:45:40.597 信息 [main] org.apache.catalina.startup.VersionLoggerListener.log Command line argument: -Dignore.endorsed.dirs=
31-Mar-2020 13:45:40.597 信息 [main] org.apache.catalina.startup.VersionLoggerListener.log Command line argument: -Dcatalina.base=/Users/baidu/Workspace/tomcat/apache-tomcat-9.0.33
31-Mar-2020 13:45:40.597 信息 [main] org.apache.catalina.startup.VersionLoggerListener.log Command line argument: -Dcatalina.home=/Users/baidu/Workspace/tomcat/apache-tomcat-9.0.33
31-Mar-2020 13:45:40.597 信息 [main] org.apache.catalina.startup.VersionLoggerListener.log Command line argument: -Djava.io.tmpdir=/Users/baidu/Workspace/tomcat/apache-tomcat-9.0.33/temp
31-Mar-2020 13:45:40.597 信息 [main] org.apache.catalina.core.AprLifecycleListener.lifecycleEvent The APR based Apache Tomcat Native library which allows optimal performance in production environments was not found on the java.library.path: [/Users/baidu/Library/Java/Extensions:/Library/Java/Extensions:/Network/Library/Java/Extensions:/System/Library/Java/Extensions:/usr/lib/java:.]
31-Mar-2020 13:45:41.012 信息 [main] org.apache.coyote.AbstractProtocol.init 初始化协议处理器 ["http-nio-8080"]
31-Mar-2020 13:45:41.033 严重 [main] org.apache.catalina.util.LifecycleBase.handleSubClassException 初始化组件[Connector[HTTP/1.1-8080]]失败。
	org.apache.catalina.LifecycleException: Protocol handler initialization failed
		at org.apache.catalina.connector.Connector.initInternal(Connector.java:1013)
		at org.apache.catalina.util.LifecycleBase.init(LifecycleBase.java:136)
		at org.apache.catalina.core.StandardService.initInternal(StandardService.java:533)
		at org.apache.catalina.util.LifecycleBase.init(LifecycleBase.java:136)
		at org.apache.catalina.core.StandardServer.initInternal(StandardServer.java:1057)
		at org.apache.catalina.util.LifecycleBase.init(LifecycleBase.java:136)
		at org.apache.catalina.startup.Catalina.load(Catalina.java:584)
		at org.apache.catalina.startup.Catalina.load(Catalina.java:607)
		at sun.reflect.NativeMethodAccessorImpl.invoke0(Native Method)
		at sun.reflect.NativeMethodAccessorImpl.invoke(NativeMethodAccessorImpl.java:62)
		at sun.reflect.DelegatingMethodAccessorImpl.invoke(DelegatingMethodAccessorImpl.java:43)
		at java.lang.reflect.Method.invoke(Method.java:498)
		at org.apache.catalina.startup.Bootstrap.load(Bootstrap.java:303)
		at org.apache.catalina.startup.Bootstrap.main(Bootstrap.java:473)
	Caused by: java.net.BindException: Address already in use
		at sun.nio.ch.Net.bind0(Native Method)
		at sun.nio.ch.Net.bind(Net.java:433)
		at sun.nio.ch.Net.bind(Net.java:425)
		at sun.nio.ch.ServerSocketChannelImpl.bind(ServerSocketChannelImpl.java:223)
		at sun.nio.ch.ServerSocketAdaptor.bind(ServerSocketAdaptor.java:74)
		at org.apache.tomcat.util.net.NioEndpoint.initServerSocket(NioEndpoint.java:229)
		at org.apache.tomcat.util.net.NioEndpoint.bind(NioEndpoint.java:212)
		at org.apache.tomcat.util.net.AbstractEndpoint.bindWithCleanup(AbstractEndpoint.java:1141)
		at org.apache.tomcat.util.net.AbstractEndpoint.init(AbstractEndpoint.java:1154)
		at org.apache.coyote.AbstractProtocol.init(AbstractProtocol.java:581)
		at org.apache.coyote.http11.AbstractHttp11Protocol.init(AbstractHttp11Protocol.java:74)
		at org.apache.catalina.connector.Connector.initInternal(Connector.java:1010)
		... 13 more
31-Mar-2020 13:45:41.036 信息 [main] org.apache.catalina.startup.Catalina.load 服务器在[689]毫秒内初始化
31-Mar-2020 13:45:41.071 信息 [main] org.apache.catalina.core.StandardService.startInternal Starting service [Catalina]
31-Mar-2020 13:45:41.071 信息 [main] org.apache.catalina.core.StandardEngine.startInternal 正在启动 Servlet 引擎：[Apache Tomcat/9.0.33]
31-Mar-2020 13:45:41.079 信息 [main] org.apache.catalina.startup.HostConfig.deployDirectory 把web 应用程序部署到目录 [/Users/baidu/Workspace/tomcat/apache-tomcat-9.0.33/webapps/docs]
31-Mar-2020 13:45:41.339 信息 [main] org.apache.catalina.startup.HostConfig.deployDirectory Deployment of web application directory [/Users/baidu/Workspace/tomcat/apache-tomcat-9.0.33/webapps/docs] has finished in [260] ms
31-Mar-2020 13:45:41.342 信息 [main] org.apache.catalina.startup.HostConfig.deployDirectory 把web 应用程序部署到目录 [/Users/baidu/Workspace/tomcat/apache-tomcat-9.0.33/webapps/manager]
31-Mar-2020 13:45:41.374 信息 [main] org.apache.catalina.startup.HostConfig.deployDirectory Deployment of web application directory [/Users/baidu/Workspace/tomcat/apache-tomcat-9.0.33/webapps/manager] has finished in [34] ms
31-Mar-2020 13:45:41.374 信息 [main] org.apache.catalina.startup.HostConfig.deployDirectory 把web 应用程序部署到目录 [/Users/baidu/Workspace/tomcat/apache-tomcat-9.0.33/webapps/examples]
31-Mar-2020 13:45:41.674 信息 [main] org.apache.catalina.startup.HostConfig.deployDirectory Deployment of web application directory [/Users/baidu/Workspace/tomcat/apache-tomcat-9.0.33/webapps/examples] has finished in [300] ms
31-Mar-2020 13:45:41.674 信息 [main] org.apache.catalina.startup.HostConfig.deployDirectory 把web 应用程序部署到目录 [/Users/baidu/Workspace/tomcat/apache-tomcat-9.0.33/webapps/ROOT]
31-Mar-2020 13:45:41.691 信息 [main] org.apache.catalina.startup.HostConfig.deployDirectory Deployment of web application directory [/Users/baidu/Workspace/tomcat/apache-tomcat-9.0.33/webapps/ROOT] has finished in [17] ms
31-Mar-2020 13:45:41.691 信息 [main] org.apache.catalina.startup.HostConfig.deployDirectory 把web 应用程序部署到目录 [/Users/baidu/Workspace/tomcat/apache-tomcat-9.0.33/webapps/host-manager]
31-Mar-2020 13:45:41.709 信息 [main] org.apache.catalina.startup.HostConfig.deployDirectory Deployment of web application directory [/Users/baidu/Workspace/tomcat/apache-tomcat-9.0.33/webapps/host-manager] has finished in [18] ms
31-Mar-2020 13:45:41.712 信息 [main] org.apache.catalina.startup.Catalina.start Server startup in [675] milliseconds
31-Mar-2020 13:46:42.350 信息 [main] org.apache.catalina.core.StandardServer.await A valid shutdown command was received via the shutdown port. Stopping the Server instance.
31-Mar-2020 13:46:42.350 信息 [main] org.apache.coyote.AbstractProtocol.pause Pausing ProtocolHandler ["http-nio-8080"]
31-Mar-2020 13:46:42.351 信息 [main] org.apache.catalina.core.StandardService.stopInternal 正在停止服务[Catalina]
31-Mar-2020 13:46:42.374 信息 [1] org.apache.coyote.AbstractProtocol.stop 正在停止ProtocolHandler ["http-nio-8080"]
31-Mar-2020 13:46:42.375 信息 [1] org.apache.coyote.AbstractProtocol.destroy 正在摧毁协议处理器 ["http-nio-8080"]
31-Mar-2020 13:47:33.086 信息 [main] org.apache.catalina.startup.VersionLoggerListener.log Server.服务器版本:     Apache Tomcat/9.0.33
31-Mar-2020 13:47:33.090 信息 [main] org.apache.catalina.startup.VersionLoggerListener.log 服务器构建:            Mar 11 2020 09:31:38 UTC
31-Mar-2020 13:47:33.090 信息 [main] org.apache.catalina.startup.VersionLoggerListener.log 服务器版本号(：9.0.33.0
31-Mar-2020 13:47:33.090 信息 [main] org.apache.catalina.startup.VersionLoggerListener.log OS Name:               Mac OS X
31-Mar-2020 13:47:33.090 信息 [main] org.apache.catalina.startup.VersionLoggerListener.log OS.版本:               10.14.2
31-Mar-2020 13:47:33.090 信息 [main] org.apache.catalina.startup.VersionLoggerListener.log 架构:                  x86_64
31-Mar-2020 13:47:33.091 信息 [main] org.apache.catalina.startup.VersionLoggerListener.log Java 环境变量:         /Library/Java/JavaVirtualMachines/jdk1.8.0_191.jdk/Contents/Home/jre
31-Mar-2020 13:47:33.091 信息 [main] org.apache.catalina.startup.VersionLoggerListener.log JVM 版本:              1.8.0_191-b12
31-Mar-2020 13:47:33.091 信息 [main] org.apache.catalina.startup.VersionLoggerListener.log JVM.供应商:            Oracle Corporation
31-Mar-2020 13:47:33.091 信息 [main] org.apache.catalina.startup.VersionLoggerListener.log CATALINA_BASE:         /Users/baidu/Workspace/tomcat/apache-tomcat-9.0.33
31-Mar-2020 13:47:33.091 信息 [main] org.apache.catalina.startup.VersionLoggerListener.log CATALINA_HOME:         /Users/baidu/Workspace/tomcat/apache-tomcat-9.0.33
31-Mar-2020 13:47:33.095 信息 [main] org.apache.catalina.startup.VersionLoggerListener.log Command line argument: -Djava.util.logging.config.file=/Users/baidu/Workspace/tomcat/apache-tomcat-9.0.33/conf/logging.properties
31-Mar-2020 13:47:33.096 信息 [main] org.apache.catalina.startup.VersionLoggerListener.log Command line argument: -Djava.util.logging.manager=org.apache.juli.ClassLoaderLogManager
31-Mar-2020 13:47:33.096 信息 [main] org.apache.catalina.startup.VersionLoggerListener.log Command line argument: -Djdk.tls.ephemeralDHKeySize=2048
31-Mar-2020 13:47:33.096 信息 [main] org.apache.catalina.startup.VersionLoggerListener.log Command line argument: -Djava.protocol.handler.pkgs=org.apache.catalina.webresources
31-Mar-2020 13:47:33.096 信息 [main] org.apache.catalina.startup.VersionLoggerListener.log Command line argument: -Dorg.apache.catalina.security.SecurityListener.UMASK=0027
31-Mar-2020 13:47:33.096 信息 [main] org.apache.catalina.startup.VersionLoggerListener.log Command line argument: -Dignore.endorsed.dirs=
31-Mar-2020 13:47:33.096 信息 [main] org.apache.catalina.startup.VersionLoggerListener.log Command line argument: -Dcatalina.base=/Users/baidu/Workspace/tomcat/apache-tomcat-9.0.33
31-Mar-2020 13:47:33.097 信息 [main] org.apache.catalina.startup.VersionLoggerListener.log Command line argument: -Dcatalina.home=/Users/baidu/Workspace/tomcat/apache-tomcat-9.0.33
31-Mar-2020 13:47:33.097 信息 [main] org.apache.catalina.startup.VersionLoggerListener.log Command line argument: -Djava.io.tmpdir=/Users/baidu/Workspace/tomcat/apache-tomcat-9.0.33/temp
31-Mar-2020 13:47:33.097 信息 [main] org.apache.catalina.core.AprLifecycleListener.lifecycleEvent The APR based Apache Tomcat Native library which allows optimal performance in production environments was not found on the java.library.path: [/Users/baidu/Library/Java/Extensions:/Library/Java/Extensions:/Network/Library/Java/Extensions:/System/Library/Java/Extensions:/usr/lib/java:.]
31-Mar-2020 13:47:33.441 信息 [main] org.apache.coyote.AbstractProtocol.init 初始化协议处理器 ["http-nio-8180"]
31-Mar-2020 13:47:33.502 信息 [main] org.apache.catalina.startup.Catalina.load 服务器在[656]毫秒内初始化
31-Mar-2020 13:47:33.565 信息 [main] org.apache.catalina.core.StandardService.startInternal Starting service [Catalina]
31-Mar-2020 13:47:33.569 信息 [main] org.apache.catalina.core.StandardEngine.startInternal 正在启动 Servlet 引擎：[Apache Tomcat/9.0.33]
31-Mar-2020 13:47:33.582 信息 [main] org.apache.catalina.startup.HostConfig.deployDirectory 把web 应用程序部署到目录 [/Users/baidu/Workspace/tomcat/apache-tomcat-9.0.33/webapps/docs]
31-Mar-2020 13:47:33.858 信息 [main] org.apache.catalina.startup.HostConfig.deployDirectory Deployment of web application directory [/Users/baidu/Workspace/tomcat/apache-tomcat-9.0.33/webapps/docs] has finished in [275] ms
31-Mar-2020 13:47:33.858 信息 [main] org.apache.catalina.startup.HostConfig.deployDirectory 把web 应用程序部署到目录 [/Users/baidu/Workspace/tomcat/apache-tomcat-9.0.33/webapps/manager]
31-Mar-2020 13:47:33.896 信息 [main] org.apache.catalina.startup.HostConfig.deployDirectory Deployment of web application directory [/Users/baidu/Workspace/tomcat/apache-tomcat-9.0.33/webapps/manager] has finished in [38] ms
31-Mar-2020 13:47:33.896 信息 [main] org.apache.catalina.startup.HostConfig.deployDirectory 把web 应用程序部署到目录 [/Users/baidu/Workspace/tomcat/apache-tomcat-9.0.33/webapps/examples]
31-Mar-2020 13:47:34.197 信息 [main] org.apache.catalina.startup.HostConfig.deployDirectory Deployment of web application directory [/Users/baidu/Workspace/tomcat/apache-tomcat-9.0.33/webapps/examples] has finished in [301] ms
31-Mar-2020 13:47:34.197 信息 [main] org.apache.catalina.startup.HostConfig.deployDirectory 把web 应用程序部署到目录 [/Users/baidu/Workspace/tomcat/apache-tomcat-9.0.33/webapps/ROOT]
31-Mar-2020 13:47:34.210 信息 [main] org.apache.catalina.startup.HostConfig.deployDirectory Deployment of web application directory [/Users/baidu/Workspace/tomcat/apache-tomcat-9.0.33/webapps/ROOT] has finished in [13] ms
31-Mar-2020 13:47:34.211 信息 [main] org.apache.catalina.startup.HostConfig.deployDirectory 把web 应用程序部署到目录 [/Users/baidu/Workspace/tomcat/apache-tomcat-9.0.33/webapps/host-manager]
31-Mar-2020 13:47:34.229 信息 [main] org.apache.catalina.startup.HostConfig.deployDirectory Deployment of web application directory [/Users/baidu/Workspace/tomcat/apache-tomcat-9.0.33/webapps/host-manager] has finished in [18] ms
31-Mar-2020 13:47:34.233 信息 [main] org.apache.coyote.AbstractProtocol.start 开始协议处理句柄["http-nio-8180"]
31-Mar-2020 13:47:34.242 信息 [main] org.apache.catalina.startup.Catalina.start Server startup in [740] milliseconds
31-Mar-2020 13:48:23.150 信息 [main] org.apache.catalina.core.StandardServer.await A valid shutdown command was received via the shutdown port. Stopping the Server instance.
31-Mar-2020 13:48:23.151 信息 [main] org.apache.coyote.AbstractProtocol.pause Pausing ProtocolHandler ["http-nio-8180"]
31-Mar-2020 13:48:23.162 信息 [main] org.apache.catalina.core.StandardService.stopInternal 正在停止服务[Catalina]
31-Mar-2020 13:48:23.192 信息 [main] org.apache.coyote.AbstractProtocol.stop 正在停止ProtocolHandler ["http-nio-8180"]
31-Mar-2020 13:48:23.196 信息 [main] org.apache.coyote.AbstractProtocol.destroy 正在摧毁协议处理器 ["http-nio-8180"]
31-Mar-2020 13:48:35.887 信息 [main] org.apache.catalina.startup.VersionLoggerListener.log Server.服务器版本:     Apache Tomcat/9.0.33
31-Mar-2020 13:48:35.891 信息 [main] org.apache.catalina.startup.VersionLoggerListener.log 服务器构建:            Mar 11 2020 09:31:38 UTC
31-Mar-2020 13:48:35.891 信息 [main] org.apache.catalina.startup.VersionLoggerListener.log 服务器版本号(：9.0.33.0
31-Mar-2020 13:48:35.891 信息 [main] org.apache.catalina.startup.VersionLoggerListener.log OS Name:               Mac OS X
31-Mar-2020 13:48:35.891 信息 [main] org.apache.catalina.startup.VersionLoggerListener.log OS.版本:               10.14.2
31-Mar-2020 13:48:35.891 信息 [main] org.apache.catalina.startup.VersionLoggerListener.log 架构:                  x86_64
31-Mar-2020 13:48:35.891 信息 [main] org.apache.catalina.startup.VersionLoggerListener.log Java 环境变量:         /Library/Java/JavaVirtualMachines/jdk1.8.0_191.jdk/Contents/Home/jre
31-Mar-2020 13:48:35.891 信息 [main] org.apache.catalina.startup.VersionLoggerListener.log JVM 版本:              1.8.0_191-b12
31-Mar-2020 13:48:35.891 信息 [main] org.apache.catalina.startup.VersionLoggerListener.log JVM.供应商:            Oracle Corporation
31-Mar-2020 13:48:35.891 信息 [main] org.apache.catalina.startup.VersionLoggerListener.log CATALINA_BASE:         /Users/baidu/Workspace/tomcat/apache-tomcat-9.0.33
31-Mar-2020 13:48:35.891 信息 [main] org.apache.catalina.startup.VersionLoggerListener.log CATALINA_HOME:         /Users/baidu/Workspace/tomcat/apache-tomcat-9.0.33
31-Mar-2020 13:48:35.897 信息 [main] org.apache.catalina.startup.VersionLoggerListener.log Command line argument: -Djava.util.logging.config.file=/Users/baidu/Workspace/tomcat/apache-tomcat-9.0.33/conf/logging.properties
31-Mar-2020 13:48:35.897 信息 [main] org.apache.catalina.startup.VersionLoggerListener.log Command line argument: -Djava.util.logging.manager=org.apache.juli.ClassLoaderLogManager
31-Mar-2020 13:48:35.897 信息 [main] org.apache.catalina.startup.VersionLoggerListener.log Command line argument: -Djdk.tls.ephemeralDHKeySize=2048
31-Mar-2020 13:48:35.897 信息 [main] org.apache.catalina.startup.VersionLoggerListener.log Command line argument: -Djava.protocol.handler.pkgs=org.apache.catalina.webresources
31-Mar-2020 13:48:35.897 信息 [main] org.apache.catalina.startup.VersionLoggerListener.log Command line argument: -Dorg.apache.catalina.security.SecurityListener.UMASK=0027
31-Mar-2020 13:48:35.897 信息 [main] org.apache.catalina.startup.VersionLoggerListener.log Command line argument: -Dignore.endorsed.dirs=
31-Mar-2020 13:48:35.897 信息 [main] org.apache.catalina.startup.VersionLoggerListener.log Command line argument: -Dcatalina.base=/Users/baidu/Workspace/tomcat/apache-tomcat-9.0.33
31-Mar-2020 13:48:35.897 信息 [main] org.apache.catalina.startup.VersionLoggerListener.log Command line argument: -Dcatalina.home=/Users/baidu/Workspace/tomcat/apache-tomcat-9.0.33
31-Mar-2020 13:48:35.898 信息 [main] org.apache.catalina.startup.VersionLoggerListener.log Command line argument: -Djava.io.tmpdir=/Users/baidu/Workspace/tomcat/apache-tomcat-9.0.33/temp
31-Mar-2020 13:48:35.898 信息 [main] org.apache.catalina.core.AprLifecycleListener.lifecycleEvent The APR based Apache Tomcat Native library which allows optimal performance in production environments was not found on the java.library.path: [/Users/baidu/Library/Java/Extensions:/Library/Java/Extensions:/Network/Library/Java/Extensions:/System/Library/Java/Extensions:/usr/lib/java:.]
31-Mar-2020 13:48:36.289 信息 [main] org.apache.coyote.AbstractProtocol.init 初始化协议处理器 ["http-nio-8180"]
31-Mar-2020 13:48:36.342 信息 [main] org.apache.catalina.startup.Catalina.load 服务器在[646]毫秒内初始化
31-Mar-2020 13:48:36.375 信息 [main] org.apache.catalina.core.StandardService.startInternal Starting service [Catalina]
31-Mar-2020 13:48:36.375 信息 [main] org.apache.catalina.core.StandardEngine.startInternal 正在启动 Servlet 引擎：[Apache Tomcat/9.0.33]
31-Mar-2020 13:48:36.387 信息 [main] org.apache.coyote.AbstractProtocol.start 开始协议处理句柄["http-nio-8180"]
31-Mar-2020 13:48:36.396 信息 [main] org.apache.catalina.startup.Catalina.start Server startup in [53] milliseconds
31-Mar-2020 13:49:36.418 信息 [Catalina-utility-1] org.apache.catalina.startup.HostConfig.deployWAR Deploying web application archive [/Users/baidu/Workspace/tomcat/apache-tomcat-9.0.33/webapps/dubbo-admin-2.6.0.war]
31-Mar-2020 13:49:41.661 信息 [Catalina-utility-1] org.apache.jasper.servlet.TldScanner.scanJars 至少有一个JAR被扫描用于TLD但尚未包含TLD。 为此记录器启用调试日志记录，以获取已扫描但未在其中找到TLD的完整JAR列表。 在扫描期间跳过不需要的JAR可以缩短启动时间和JSP编译时间。
31-Mar-2020 13:49:50.971 信息 [Catalina-utility-1] org.apache.catalina.startup.HostConfig.deployWAR Deployment of web application archive [/Users/baidu/Workspace/tomcat/apache-tomcat-9.0.33/webapps/dubbo-admin-2.6.0.war] has finished in [14,553] ms
31-Mar-2020 13:49:51.704 信息 [main] org.apache.catalina.core.StandardServer.await A valid shutdown command was received via the shutdown port. Stopping the Server instance.
31-Mar-2020 13:49:51.704 信息 [main] org.apache.coyote.AbstractProtocol.pause Pausing ProtocolHandler ["http-nio-8180"]
31-Mar-2020 13:49:51.713 信息 [main] org.apache.catalina.core.StandardService.stopInternal 正在停止服务[Catalina]
31-Mar-2020 13:49:51.769 警告 [main] org.apache.catalina.loader.WebappClassLoaderBase.clearReferencesThreads Web应用程序[dubbo-admin-2.6.0]似乎启动了一个名为[DubboRegistryFailedRetryTimer-thread-1]的线程，但未能停止它。这很可能会造成内存泄漏。线程的堆栈跟踪：[
 sun.misc.Unsafe.park(Native Method)
 java.util.concurrent.locks.LockSupport.parkNanos(LockSupport.java:215)
 java.util.concurrent.locks.AbstractQueuedSynchronizer$ConditionObject.awaitNanos(AbstractQueuedSynchronizer.java:2078)
 java.util.concurrent.ScheduledThreadPoolExecutor$DelayedWorkQueue.take(ScheduledThreadPoolExecutor.java:1093)
 java.util.concurrent.ScheduledThreadPoolExecutor$DelayedWorkQueue.take(ScheduledThreadPoolExecutor.java:809)
 java.util.concurrent.ThreadPoolExecutor.getTask(ThreadPoolExecutor.java:1074)
 java.util.concurrent.ThreadPoolExecutor.runWorker(ThreadPoolExecutor.java:1134)
 java.util.concurrent.ThreadPoolExecutor$Worker.run(ThreadPoolExecutor.java:624)
 java.lang.Thread.run(Thread.java:748)]
31-Mar-2020 13:49:51.773 警告 [main] org.apache.catalina.loader.WebappClassLoaderBase.clearReferencesThreads Web应用程序[dubbo-admin-2.6.0]似乎启动了一个名为[ZkClient-EventThread-33-127.0.0.1:2181]的线程，但未能停止它。这很可能会造成内存泄漏。线程的堆栈跟踪：[
 sun.misc.Unsafe.park(Native Method)
 java.util.concurrent.locks.LockSupport.park(LockSupport.java:175)
 java.util.concurrent.locks.AbstractQueuedSynchronizer$ConditionObject.await(AbstractQueuedSynchronizer.java:2039)
 java.util.concurrent.LinkedBlockingQueue.take(LinkedBlockingQueue.java:442)
 org.I0Itec.zkclient.ZkEventThread.run(ZkEventThread.java:67)]
31-Mar-2020 13:49:51.773 警告 [main] org.apache.catalina.loader.WebappClassLoaderBase.clearReferencesThreads Web应用程序[dubbo-admin-2.6.0]似乎启动了一个名为[DubboZkclientConnector-SendThread(127.0.0.1:2181)]的线程，但未能停止它。这很可能会造成内存泄漏。线程的堆栈跟踪：[
 sun.nio.ch.KQueueArrayWrapper.kevent0(Native Method)
 sun.nio.ch.KQueueArrayWrapper.poll(KQueueArrayWrapper.java:198)
 sun.nio.ch.KQueueSelectorImpl.doSelect(KQueueSelectorImpl.java:117)
 sun.nio.ch.SelectorImpl.lockAndDoSelect(SelectorImpl.java:86)
 sun.nio.ch.SelectorImpl.select(SelectorImpl.java:97)
 org.apache.zookeeper.ClientCnxnSocketNIO.doTransport(ClientCnxnSocketNIO.java:349)
 org.apache.zookeeper.ClientCnxn$SendThread.run(ClientCnxn.java:1141)]
31-Mar-2020 13:49:51.774 警告 [main] org.apache.catalina.loader.WebappClassLoaderBase.clearReferencesThreads Web应用程序[dubbo-admin-2.6.0]似乎启动了一个名为[DubboZkclientConnector-EventThread]的线程，但未能停止它。这很可能会造成内存泄漏。线程的堆栈跟踪：[
 sun.misc.Unsafe.park(Native Method)
 java.util.concurrent.locks.LockSupport.park(LockSupport.java:175)
 java.util.concurrent.locks.AbstractQueuedSynchronizer$ConditionObject.await(AbstractQueuedSynchronizer.java:2039)
 java.util.concurrent.LinkedBlockingQueue.take(LinkedBlockingQueue.java:442)
 org.apache.zookeeper.ClientCnxn$EventThread.run(ClientCnxn.java:501)]
31-Mar-2020 13:49:51.774 警告 [main] org.apache.catalina.loader.WebappClassLoaderBase.clearReferencesThreads Web应用程序[dubbo-admin-2.6.0]似乎启动了一个名为[DubboFutureCallbackDefault-thread-1]的线程，但未能停止它。这很可能会造成内存泄漏。线程的堆栈跟踪：[
 sun.misc.Unsafe.park(Native Method)
 java.util.concurrent.locks.LockSupport.park(LockSupport.java:175)
 java.util.concurrent.SynchronousQueue$TransferStack.awaitFulfill(SynchronousQueue.java:458)
 java.util.concurrent.SynchronousQueue$TransferStack.transfer(SynchronousQueue.java:362)
 java.util.concurrent.SynchronousQueue.take(SynchronousQueue.java:924)
 java.util.concurrent.ThreadPoolExecutor.getTask(ThreadPoolExecutor.java:1074)
 java.util.concurrent.ThreadPoolExecutor.runWorker(ThreadPoolExecutor.java:1134)
 java.util.concurrent.ThreadPoolExecutor$Worker.run(ThreadPoolExecutor.java:624)
 java.lang.Thread.run(Thread.java:748)]
31-Mar-2020 13:49:51.779 信息 [main] org.apache.coyote.AbstractProtocol.stop 正在停止ProtocolHandler ["http-nio-8180"]
31-Mar-2020 13:49:51.782 信息 [main] org.apache.coyote.AbstractProtocol.destroy 正在摧毁协议处理器 ["http-nio-8180"]
31-Mar-2020 13:50:07.870 信息 [main] org.apache.catalina.startup.VersionLoggerListener.log Server.服务器版本:     Apache Tomcat/9.0.33
31-Mar-2020 13:50:07.874 信息 [main] org.apache.catalina.startup.VersionLoggerListener.log 服务器构建:            Mar 11 2020 09:31:38 UTC
31-Mar-2020 13:50:07.874 信息 [main] org.apache.catalina.startup.VersionLoggerListener.log 服务器版本号(：9.0.33.0
31-Mar-2020 13:50:07.874 信息 [main] org.apache.catalina.startup.VersionLoggerListener.log OS Name:               Mac OS X
31-Mar-2020 13:50:07.874 信息 [main] org.apache.catalina.startup.VersionLoggerListener.log OS.版本:               10.14.2
31-Mar-2020 13:50:07.874 信息 [main] org.apache.catalina.startup.VersionLoggerListener.log 架构:                  x86_64
31-Mar-2020 13:50:07.874 信息 [main] org.apache.catalina.startup.VersionLoggerListener.log Java 环境变量:         /Library/Java/JavaVirtualMachines/jdk1.8.0_191.jdk/Contents/Home/jre
31-Mar-2020 13:50:07.874 信息 [main] org.apache.catalina.startup.VersionLoggerListener.log JVM 版本:              1.8.0_191-b12
31-Mar-2020 13:50:07.875 信息 [main] org.apache.catalina.startup.VersionLoggerListener.log JVM.供应商:            Oracle Corporation
31-Mar-2020 13:50:07.875 信息 [main] org.apache.catalina.startup.VersionLoggerListener.log CATALINA_BASE:         /Users/baidu/Workspace/tomcat/apache-tomcat-9.0.33
31-Mar-2020 13:50:07.875 信息 [main] org.apache.catalina.startup.VersionLoggerListener.log CATALINA_HOME:         /Users/baidu/Workspace/tomcat/apache-tomcat-9.0.33
31-Mar-2020 13:50:07.880 信息 [main] org.apache.catalina.startup.VersionLoggerListener.log Command line argument: -Djava.util.logging.config.file=/Users/baidu/Workspace/tomcat/apache-tomcat-9.0.33/conf/logging.properties
31-Mar-2020 13:50:07.881 信息 [main] org.apache.catalina.startup.VersionLoggerListener.log Command line argument: -Djava.util.logging.manager=org.apache.juli.ClassLoaderLogManager
31-Mar-2020 13:50:07.881 信息 [main] org.apache.catalina.startup.VersionLoggerListener.log Command line argument: -Djdk.tls.ephemeralDHKeySize=2048
31-Mar-2020 13:50:07.881 信息 [main] org.apache.catalina.startup.VersionLoggerListener.log Command line argument: -Djava.protocol.handler.pkgs=org.apache.catalina.webresources
31-Mar-2020 13:50:07.881 信息 [main] org.apache.catalina.startup.VersionLoggerListener.log Command line argument: -Dorg.apache.catalina.security.SecurityListener.UMASK=0027
31-Mar-2020 13:50:07.881 信息 [main] org.apache.catalina.startup.VersionLoggerListener.log Command line argument: -Dignore.endorsed.dirs=
31-Mar-2020 13:50:07.881 信息 [main] org.apache.catalina.startup.VersionLoggerListener.log Command line argument: -Dcatalina.base=/Users/baidu/Workspace/tomcat/apache-tomcat-9.0.33
31-Mar-2020 13:50:07.881 信息 [main] org.apache.catalina.startup.VersionLoggerListener.log Command line argument: -Dcatalina.home=/Users/baidu/Workspace/tomcat/apache-tomcat-9.0.33
31-Mar-2020 13:50:07.881 信息 [main] org.apache.catalina.startup.VersionLoggerListener.log Command line argument: -Djava.io.tmpdir=/Users/baidu/Workspace/tomcat/apache-tomcat-9.0.33/temp
31-Mar-2020 13:50:07.881 信息 [main] org.apache.catalina.core.AprLifecycleListener.lifecycleEvent The APR based Apache Tomcat Native library which allows optimal performance in production environments was not found on the java.library.path: [/Users/baidu/Library/Java/Extensions:/Library/Java/Extensions:/Network/Library/Java/Extensions:/System/Library/Java/Extensions:/usr/lib/java:.]
31-Mar-2020 13:50:08.165 信息 [main] org.apache.coyote.AbstractProtocol.init 初始化协议处理器 ["http-nio-8180"]
31-Mar-2020 13:50:08.205 信息 [main] org.apache.catalina.startup.Catalina.load 服务器在[517]毫秒内初始化
31-Mar-2020 13:50:08.226 信息 [main] org.apache.catalina.core.StandardService.startInternal Starting service [Catalina]
31-Mar-2020 13:50:08.226 信息 [main] org.apache.catalina.core.StandardEngine.startInternal 正在启动 Servlet 引擎：[Apache Tomcat/9.0.33]
31-Mar-2020 13:50:08.241 信息 [main] org.apache.catalina.startup.HostConfig.deployWAR Deploying web application archive [/Users/baidu/Workspace/tomcat/apache-tomcat-9.0.33/webapps/dubbo-admin.war]
31-Mar-2020 13:50:13.928 信息 [main] org.apache.jasper.servlet.TldScanner.scanJars 至少有一个JAR被扫描用于TLD但尚未包含TLD。 为此记录器启用调试日志记录，以获取已扫描但未在其中找到TLD的完整JAR列表。 在扫描期间跳过不需要的JAR可以缩短启动时间和JSP编译时间。
31-Mar-2020 13:50:24.948 信息 [main] org.apache.catalina.startup.HostConfig.deployWAR Deployment of web application archive [/Users/baidu/Workspace/tomcat/apache-tomcat-9.0.33/webapps/dubbo-admin.war] has finished in [16,707] ms
31-Mar-2020 13:50:24.949 信息 [main] org.apache.catalina.startup.HostConfig.deployDirectory 把web 应用程序部署到目录 [/Users/baidu/Workspace/tomcat/apache-tomcat-9.0.33/webapps/dubbo-admin-2.6.0]
31-Mar-2020 13:50:31.191 信息 [main] org.apache.jasper.servlet.TldScanner.scanJars 至少有一个JAR被扫描用于TLD但尚未包含TLD。 为此记录器启用调试日志记录，以获取已扫描但未在其中找到TLD的完整JAR列表。 在扫描期间跳过不需要的JAR可以缩短启动时间和JSP编译时间。
31-Mar-2020 13:50:42.980 信息 [main] org.apache.catalina.startup.HostConfig.deployDirectory Deployment of web application directory [/Users/baidu/Workspace/tomcat/apache-tomcat-9.0.33/webapps/dubbo-admin-2.6.0] has finished in [18,030] ms
31-Mar-2020 13:50:42.991 信息 [main] org.apache.coyote.AbstractProtocol.start 开始协议处理句柄["http-nio-8180"]
31-Mar-2020 13:50:43.021 信息 [main] org.apache.catalina.startup.Catalina.start Server startup in [34,815] milliseconds
