31-Mar-2020 13:45:41.667 信息 [main] org.apache.catalina.core.ApplicationContext.log ContextListener: contextInitialized()
31-Mar-2020 13:45:41.667 信息 [main] org.apache.catalina.core.ApplicationContext.log SessionListener: contextInitialized()
31-Mar-2020 13:45:41.669 信息 [main] org.apache.catalina.core.ApplicationContext.log ContextListener: attributeAdded('StockTicker', 'async.Stockticker@313b2ea6')
31-Mar-2020 13:46:42.362 信息 [main] org.apache.catalina.core.ApplicationContext.log SessionListener: contextDestroyed()
31-Mar-2020 13:46:42.362 信息 [main] org.apache.catalina.core.ApplicationContext.log ContextListener: contextDestroyed()
31-Mar-2020 13:47:34.190 信息 [main] org.apache.catalina.core.ApplicationContext.log ContextListener: contextInitialized()
31-Mar-2020 13:47:34.190 信息 [main] org.apache.catalina.core.ApplicationContext.log SessionListener: contextInitialized()
31-Mar-2020 13:47:34.192 信息 [main] org.apache.catalina.core.ApplicationContext.log ContextListener: attributeAdded('StockTicker', 'async.Stockticker@610f7aa')
31-Mar-2020 13:48:23.179 信息 [main] org.apache.catalina.core.ApplicationContext.log SessionListener: contextDestroyed()
31-Mar-2020 13:48:23.179 信息 [main] org.apache.catalina.core.ApplicationContext.log ContextListener: contextDestroyed()
31-Mar-2020 13:49:41.665 信息 [Catalina-utility-1] org.apache.catalina.core.ApplicationContext.log No Spring WebApplicationInitializer types detected on classpath
31-Mar-2020 13:49:41.721 信息 [Catalina-utility-1] org.apache.catalina.core.ApplicationContext.log Initializing log4j system
31-Mar-2020 13:49:41.824 信息 [Catalina-utility-1] org.apache.catalina.core.ApplicationContext.log Initializing Spring root WebApplicationContext
31-Mar-2020 13:49:46.866 信息 [Catalina-utility-1] org.apache.catalina.core.ApplicationContext.log Initializing Spring sub WebApplicationContext: sysmanage
31-Mar-2020 13:49:47.920 信息 [Catalina-utility-1] org.apache.catalina.core.ApplicationContext.log Initializing Spring sub WebApplicationContext: sysinfo
31-Mar-2020 13:49:48.862 信息 [Catalina-utility-1] org.apache.catalina.core.ApplicationContext.log Initializing Spring sub WebApplicationContext: personal
31-Mar-2020 13:49:49.562 信息 [Catalina-utility-1] org.apache.catalina.core.ApplicationContext.log Initializing Spring sub WebApplicationContext: governance
31-Mar-2020 13:49:50.280 信息 [Catalina-utility-1] org.apache.catalina.core.ApplicationContext.log Initializing Spring sub WebApplicationContext: home
31-Mar-2020 13:49:50.941 信息 [Catalina-utility-1] org.apache.catalina.core.ApplicationContext.log WebxComponents: initialization completed
31-Mar-2020 13:49:50.948 信息 [Catalina-utility-1] org.apache.catalina.core.ApplicationContext.log Initializing filter: webx
31-Mar-2020 13:49:50.955 信息 [Catalina-utility-1] org.apache.catalina.core.ApplicationContext.log WebxFrameworkFilter - webx: initialization completed
31-Mar-2020 13:49:50.956 信息 [Catalina-utility-1] org.apache.catalina.core.ApplicationContext.log Initializing filter: mdc
31-Mar-2020 13:49:50.957 信息 [Catalina-utility-1] org.apache.catalina.core.ApplicationContext.log SetLoggingContextFilter - mdc: initialization completed
31-Mar-2020 13:49:51.717 信息 [main] org.apache.catalina.core.ApplicationContext.log Closing Spring root WebApplicationContext
31-Mar-2020 13:49:51.761 信息 [main] org.apache.catalina.core.ApplicationContext.log Shutting down log system
31-Mar-2020 13:50:13.931 信息 [main] org.apache.catalina.core.ApplicationContext.log No Spring WebApplicationInitializer types detected on classpath
31-Mar-2020 13:50:13.997 信息 [main] org.apache.catalina.core.ApplicationContext.log Initializing log4j system
31-Mar-2020 13:50:14.100 信息 [main] org.apache.catalina.core.ApplicationContext.log Initializing Spring root WebApplicationContext
31-Mar-2020 13:50:19.294 信息 [main] org.apache.catalina.core.ApplicationContext.log Initializing Spring sub WebApplicationContext: sysmanage
31-Mar-2020 13:50:20.588 信息 [main] org.apache.catalina.core.ApplicationContext.log Initializing Spring sub WebApplicationContext: sysinfo
31-Mar-2020 13:50:22.391 信息 [main] org.apache.catalina.core.ApplicationContext.log Initializing Spring sub WebApplicationContext: personal
31-Mar-2020 13:50:23.171 信息 [main] org.apache.catalina.core.ApplicationContext.log Initializing Spring sub WebApplicationContext: governance
31-Mar-2020 13:50:24.147 信息 [main] org.apache.catalina.core.ApplicationContext.log Initializing Spring sub WebApplicationContext: home
31-Mar-2020 13:50:24.910 信息 [main] org.apache.catalina.core.ApplicationContext.log WebxComponents: initialization completed
31-Mar-2020 13:50:24.918 信息 [main] org.apache.catalina.core.ApplicationContext.log Initializing filter: webx
31-Mar-2020 13:50:24.930 信息 [main] org.apache.catalina.core.ApplicationContext.log WebxFrameworkFilter - webx: initialization completed
31-Mar-2020 13:50:24.931 信息 [main] org.apache.catalina.core.ApplicationContext.log Initializing filter: mdc
31-Mar-2020 13:50:24.932 信息 [main] org.apache.catalina.core.ApplicationContext.log SetLoggingContextFilter - mdc: initialization completed
31-Mar-2020 13:50:31.193 信息 [main] org.apache.catalina.core.ApplicationContext.log No Spring WebApplicationInitializer types detected on classpath
31-Mar-2020 13:50:31.312 信息 [main] org.apache.catalina.core.ApplicationContext.log Initializing log4j system
31-Mar-2020 13:50:31.431 信息 [main] org.apache.catalina.core.ApplicationContext.log Initializing Spring root WebApplicationContext
31-Mar-2020 13:50:37.666 信息 [main] org.apache.catalina.core.ApplicationContext.log Initializing Spring sub WebApplicationContext: sysmanage
31-Mar-2020 13:50:39.065 信息 [main] org.apache.catalina.core.ApplicationContext.log Initializing Spring sub WebApplicationContext: sysinfo
31-Mar-2020 13:50:40.271 信息 [main] org.apache.catalina.core.ApplicationContext.log Initializing Spring sub WebApplicationContext: personal
31-Mar-2020 13:50:41.101 信息 [main] org.apache.catalina.core.ApplicationContext.log Initializing Spring sub WebApplicationContext: governance
31-Mar-2020 13:50:42.035 信息 [main] org.apache.catalina.core.ApplicationContext.log Initializing Spring sub WebApplicationContext: home
31-Mar-2020 13:50:42.941 信息 [main] org.apache.catalina.core.ApplicationContext.log WebxComponents: initialization completed
31-Mar-2020 13:50:42.954 信息 [main] org.apache.catalina.core.ApplicationContext.log Initializing filter: webx
31-Mar-2020 13:50:42.971 信息 [main] org.apache.catalina.core.ApplicationContext.log WebxFrameworkFilter - webx: initialization completed
31-Mar-2020 13:50:42.972 信息 [main] org.apache.catalina.core.ApplicationContext.log Initializing filter: mdc
31-Mar-2020 13:50:42.973 信息 [main] org.apache.catalina.core.ApplicationContext.log SetLoggingContextFilter - mdc: initialization completed
